<?xml version="1.0" encoding="UTF-8"?>
<!-- Generated by org.testng.reporters.JUnitXMLReporter -->
<testsuite ignored="0" hostname="LAPTOP-K8BOQ6M8" failures="0" tests="4" name="Surefire test" time="6.599" errors="0" timestamp="2024-09-11T23:25:51 IST">
  <testcase classname="Project.LoginTest" name="successfulLoginTest" time="1.427"/>
  <testcase classname="Project.LoginTest" name="unsuccessfulLoginTest_IncorrectPassword" time="1.028"/>
  <testcase classname="Project.LoginTest" name="emptyFieldsTest" time="0.338"/>
  <testcase classname="Project.LoginTest" name="specialCharactersTest" time="0.685"/>
</testsuite> <!-- Surefire test -->
